
/home/runner/work/exp-beam-and-slab-using-flex-system-iitd/exp-beam-and-slab-using-flex-system-iitd/experiment/simulation/js/layout.js
   9:10  warning  'nextDrawerItem' is defined but never used  no-unused-vars
  20:10  warning  'backDrawerItem' is defined but never used  no-unused-vars

/home/runner/work/exp-beam-and-slab-using-flex-system-iitd/exp-beam-and-slab-using-flex-system-iitd/experiment/simulation/js/main.js
   189:7   warning  'ChartGraph' is assigned a value but never used     no-unused-vars
   193:6   warning  'Graph1' is not defined                             no-undef
   197:6   warning  'Graph2' is not defined                             no-undef
   201:6   warning  'Graph3' is not defined                             no-undef
   205:6   warning  'Graph4' is not defined                             no-undef
   221:23  warning  'Chart' is not defined                              no-undef
   255:5   warning  'isPerformNext' is assigned a value but never used  no-unused-vars
   280:7   warning  'opacity' is assigned a value but never used        no-unused-vars
   286:7   warning  'hideAll' is assigned a value but never used        no-unused-vars
   286:28  warning  'disp' is assigned a value but never used           no-unused-vars
   292:7   warning  'showAll' is assigned a value but never used        no-unused-vars
   292:28  warning  'disp' is assigned a value but never used           no-unused-vars
   299:7   warning  'set' is assigned a value but never used            no-unused-vars
   332:29  warning  'speed' is assigned a value but never used          no-unused-vars
   339:15  warning  'Typed' is not defined                              no-undef
   360:19  warning  'src' is not defined                                no-undef
   494:17  warning  'anime' is not defined                              no-undef
   648:10  warning  'cursorPointer' is defined but never used           no-unused-vars
   897:10  warning  'i' is not defined                                  no-undef
   898:18  warning  'i' is not defined                                  no-undef
   900:10  warning  'i' is not defined                                  no-undef
   901:11  warning  'i' is not defined                                  no-undef
   901:28  warning  'i' is not defined                                  no-undef
   901:48  warning  'i' is not defined                                  no-undef
   904:25  warning  'i' is not defined                                  no-undef
   928:6   warning  'intro' is not defined                              no-undef
   956:18  warning  'anime' is not defined                              no-undef
   978:15  warning  'intru' is not defined                              no-undef
   978:27  warning  'Typed' is not defined                              no-undef
   996:16  warning  'intru' is not defined                              no-undef
  1012:6   warning  'objective' is not defined                          no-undef
  1028:5   warning  'anime' is not defined                              no-undef
  1175:6   warning  'step2' is not defined                              no-undef
  1225:9   warning  'anime' is not defined                              no-undef
  1247:9   warning  'anime' is not defined                              no-undef
  1292:9   warning  'anime' is not defined                              no-undef
  1349:6   warning  'step3' is not defined                              no-undef
  1444:9   warning  'anime' is not defined                              no-undef
  1516:9   warning  'anime' is not defined                              no-undef
  1588:9   warning  'anime' is not defined                              no-undef
  1663:13  warning  'anime' is not defined                              no-undef
  1734:13  warning  'anime' is not defined                              no-undef
  1775:13  warning  'anime' is not defined                              no-undef
  1831:6   warning  'step4' is not defined                              no-undef
  2029:13  warning  'anime' is not defined                              no-undef
  2207:9   warning  'anime' is not defined                              no-undef
  2349:13  warning  'anime' is not defined                              no-undef
  2420:6   warning  'step5' is not defined                              no-undef
  2676:9   warning  'anime' is not defined                              no-undef
  2724:9   warning  'anime' is not defined                              no-undef
  2772:9   warning  'anime' is not defined                              no-undef
  2805:13  warning  'anime' is not defined                              no-undef
  2906:13  warning  'anime' is not defined                              no-undef
  2971:13  warning  'anime' is not defined                              no-undef
  3036:13  warning  'anime' is not defined                              no-undef
  3125:6   warning  'step6' is not defined                              no-undef
  3392:7   warning  'anime' is not defined                              no-undef
  3459:7   warning  'anime' is not defined                              no-undef
  3511:7   warning  'anime' is not defined                              no-undef
  3643:7   warning  'anime' is not defined                              no-undef
  4029:6   warning  'completed' is not defined                          no-undef
  4066:7   warning  'backDrawerItem' is not defined                     no-undef
  4067:7   warning  'backProgressBar' is not defined                    no-undef
  4077:9   warning  'nextDrawerItem' is not defined                     no-undef
  4078:9   warning  'nextProgressBar' is not defined                    no-undef
  4081:12  warning  Empty block statement                               no-empty
  4133:10  warning  'getCursor' is defined but never used               no-unused-vars

/home/runner/work/exp-beam-and-slab-using-flex-system-iitd/exp-beam-and-slab-using-flex-system-iitd/experiment/simulation/js/progressBar.js
   2:7  warning  'prevBtns' is assigned a value but never used         no-unused-vars
   3:7  warning  'nextBtns' is assigned a value but never used         no-unused-vars
  12:7  warning  'nextProgressBar' is assigned a value but never used  no-unused-vars
  19:7  warning  'backProgressBar' is assigned a value but never used  no-unused-vars

✖ 73 problems (0 errors, 73 warnings)

